<?xml version="1.0" encoding="UTF-8"?>
<!-- Generated by org.testng.reporters.JUnitXMLReporter -->
<testsuite hostname="WIN-NMJ1FQIGA39" ignored="0" name="Free CRM Test Suite For opera Browser" tests="3" failures="1" timestamp="25 Dec 2017 08:48:29 GMT" time="119.137" errors="0">
  <testcase name="testLoginPageTitleText" time="0.279" classname="com.crm.qa.testcases.LoginPageTest">
    <failure type="java.lang.AssertionError" message="expected [#1 Free CRM for Any Business: Online Customer Relationship Software1] but found [#1 Free CRM for Any Business: Online Customer Relationship Software]">
      <![CDATA[java.lang.AssertionError: expected [#1 Free CRM for Any Business: Online Customer Relationship Software1] but found [#1 Free CRM for Any Business: Online Customer Relationship Software]
	at com.crm.qa.testcases.LoginPageTest.testLoginPageTitleText(LoginPageTest.java:33)
	at java.util.concurrent.ThreadPoolExecutor.runWorker(ThreadPoolExecutor.java:1142)
	at java.util.concurrent.ThreadPoolExecutor$Worker.run(ThreadPoolExecutor.java:617)
	at java.lang.Thread.run(Thread.java:745)
... Removed 16 stack frames]]>
    </failure>
  </testcase> <!-- testLoginPageTitleText -->
  <testcase name="testCRMLogoImage" time="1.208" classname="com.crm.qa.testcases.LoginPageTest"/>
  <testcase name="testLogin" time="30.68" classname="com.crm.qa.testcases.LoginPageTest"/>
</testsuite> <!-- Free CRM Test Suite For opera Browser -->
